This file contains any messages produced by compilers while
running configure, to aid debugging if configure makes a mistake.

It was created by json-c configure 0.11, which was
generated by GNU Autoconf 2.69.  Invocation command line was

  $ ./configure 

## --------- ##
## Platform. ##
## --------- ##

hostname = ns2
uname -m = i686
uname -r = 3.4.9-x86-smp
uname -s = Linux
uname -v = #1 SMP PREEMPT Sat Aug 18 16:18:05 SAST 2012

/usr/bin/uname -p = unknown
/bin/uname -X     = unknown

/bin/arch              = i686
/usr/bin/arch -k       = unknown
/usr/convex/getsysinfo = unknown
/usr/bin/hostinfo      = unknown
/bin/machine           = unknown
/usr/bin/oslevel       = unknown
/bin/universe          = unknown

PATH: /usr/lib/jvm/jdk-1.7.0_09//bin
PATH: /usr/local/sbin
PATH: /usr/sbin
PATH: /sbin
PATH: /usr/local/bin
PATH: /usr/bin
PATH: /bin
PATH: /usr/X11R7/bin
PATH: /opt/sophos/bin


## ----------- ##
## Core tests. ##
## ----------- ##

configure:2310: checking for a BSD-compatible install
configure:2378: result: /usr/bin/ginstall -c
configure:2389: checking whether build environment is sane
configure:2444: result: yes
configure:2595: checking for a thread-safe mkdir -p
configure:2634: result: /usr/bin/mkdir -p
configure:2641: checking for gawk
configure:2657: found /usr/bin/gawk
configure:2668: result: gawk
configure:2679: checking whether make sets $(MAKE)
configure:2701: result: yes
configure:2730: checking whether make supports nested variables
configure:2747: result: yes
configure:2833: checking whether make sets $(MAKE)
configure:2855: result: yes
configure:2903: checking for style of include used by make
configure:2931: result: GNU
configure:3002: checking for gcc
configure:3018: found /usr/bin/gcc
configure:3029: result: gcc
configure:3258: checking for C compiler version
configure:3267: gcc --version >&5
gcc (GCC) 4.8.1 20130530 (prerelease)
Copyright (C) 2013 Free Software Foundation, Inc.
This is free software; see the source for copying conditions.  There is NO
warranty; not even for MERCHANTABILITY or FITNESS FOR A PARTICULAR PURPOSE.

configure:3278: $? = 0
configure:3267: gcc -v >&5
Using built-in specs.
COLLECT_GCC=gcc
COLLECT_LTO_WRAPPER=/usr/libexec/gcc/i686-linux-gnu/4.8.1/lto-wrapper
Target: i686-linux-gnu
Configured with: ./../configure --prefix=/usr --sysconfdir=/etc/ --mandir=/usr/share/man --localstatedir=/var --infodir=/usr/share/info --libdir=/usr/lib --host=i686-linux-gnu --build=i686-linux-gnu --with-ecj-jar=/usr/share/java/ecj-3.5.2.jar --enable-lto --enable-cloog-backend=isl --enable-java-home --with-system-zlib --target=i686-linux-gnu --with-sysroot=/ --with-jvm-root-dir=/usr/lib/jvm/gcj-jdk --enable-languages=c,c++,fortran,java,lto,objc,obj-c++,go,ada
Thread model: posix
gcc version 4.8.1 20130530 (prerelease) (GCC) 
configure:3278: $? = 0
configure:3267: gcc -V >&5
gcc: error: unrecognized command line option '-V'
gcc: fatal error: no input files
compilation terminated.
configure:3278: $? = 1
configure:3267: gcc -qversion >&5
gcc: error: unrecognized command line option '-qversion'
gcc: fatal error: no input files
compilation terminated.
configure:3278: $? = 1
configure:3298: checking whether the C compiler works
configure:3320: gcc    conftest.c  >&5
configure:3324: $? = 0
configure:3372: result: yes
configure:3375: checking for C compiler default output file name
configure:3377: result: a.out
configure:3383: checking for suffix of executables
configure:3390: gcc -o conftest    conftest.c  >&5
configure:3394: $? = 0
configure:3416: result: 
configure:3438: checking whether we are cross compiling
configure:3446: gcc -o conftest    conftest.c  >&5
configure:3450: $? = 0
configure:3457: ./conftest
configure:3461: $? = 0
configure:3476: result: no
configure:3481: checking for suffix of object files
configure:3503: gcc -c   conftest.c >&5
configure:3507: $? = 0
configure:3528: result: o
configure:3532: checking whether we are using the GNU C compiler
configure:3551: gcc -c   conftest.c >&5
configure:3551: $? = 0
configure:3560: result: yes
configure:3569: checking whether gcc accepts -g
configure:3589: gcc -c -g  conftest.c >&5
configure:3589: $? = 0
configure:3630: result: yes
configure:3647: checking for gcc option to accept ISO C89
configure:3710: gcc  -c -g -O2  conftest.c >&5
configure:3710: $? = 0
configure:3723: result: none needed
configure:3745: checking dependency style of gcc
configure:3856: result: gcc3
configure:3877: checking how to run the C preprocessor
configure:3908: gcc -E  conftest.c
configure:3908: $? = 0
configure:3922: gcc -E  conftest.c
conftest.c:11:28: fatal error: ac_nonexistent.h: No such file or directory
 #include <ac_nonexistent.h>
                            ^
compilation terminated.
configure:3922: $? = 1
configure: failed program was:
| /* confdefs.h */
| #define PACKAGE_NAME "json-c"
| #define PACKAGE_TARNAME "json-c"
| #define PACKAGE_VERSION "0.11"
| #define PACKAGE_STRING "json-c 0.11"
| #define PACKAGE_BUGREPORT "json-c@googlegroups.com"
| #define PACKAGE_URL ""
| #define PACKAGE "json-c"
| #define VERSION "0.11"
| /* end confdefs.h.  */
| #include <ac_nonexistent.h>
configure:3947: result: gcc -E
configure:3967: gcc -E  conftest.c
configure:3967: $? = 0
configure:3981: gcc -E  conftest.c
conftest.c:11:28: fatal error: ac_nonexistent.h: No such file or directory
 #include <ac_nonexistent.h>
                            ^
compilation terminated.
configure:3981: $? = 1
configure: failed program was:
| /* confdefs.h */
| #define PACKAGE_NAME "json-c"
| #define PACKAGE_TARNAME "json-c"
| #define PACKAGE_VERSION "0.11"
| #define PACKAGE_STRING "json-c 0.11"
| #define PACKAGE_BUGREPORT "json-c@googlegroups.com"
| #define PACKAGE_URL ""
| #define PACKAGE "json-c"
| #define VERSION "0.11"
| /* end confdefs.h.  */
| #include <ac_nonexistent.h>
configure:4010: checking for grep that handles long lines and -e
configure:4068: result: /usr/bin/grep
configure:4073: checking for egrep
configure:4135: result: /usr/bin/grep -E
configure:4140: checking for ANSI C header files
configure:4160: gcc -c -g -O2  conftest.c >&5
configure:4160: $? = 0
configure:4233: gcc -o conftest -g -O2   conftest.c  >&5
configure:4233: $? = 0
configure:4233: ./conftest
configure:4233: $? = 0
configure:4244: result: yes
configure:4257: checking for sys/types.h
configure:4257: gcc -c -g -O2  conftest.c >&5
configure:4257: $? = 0
configure:4257: result: yes
configure:4257: checking for sys/stat.h
configure:4257: gcc -c -g -O2  conftest.c >&5
configure:4257: $? = 0
configure:4257: result: yes
configure:4257: checking for stdlib.h
configure:4257: gcc -c -g -O2  conftest.c >&5
configure:4257: $? = 0
configure:4257: result: yes
configure:4257: checking for string.h
configure:4257: gcc -c -g -O2  conftest.c >&5
configure:4257: $? = 0
configure:4257: result: yes
configure:4257: checking for memory.h
configure:4257: gcc -c -g -O2  conftest.c >&5
configure:4257: $? = 0
configure:4257: result: yes
configure:4257: checking for strings.h
configure:4257: gcc -c -g -O2  conftest.c >&5
configure:4257: $? = 0
configure:4257: result: yes
configure:4257: checking for inttypes.h
configure:4257: gcc -c -g -O2  conftest.c >&5
configure:4257: $? = 0
configure:4257: result: yes
configure:4257: checking for stdint.h
configure:4257: gcc -c -g -O2  conftest.c >&5
configure:4257: $? = 0
configure:4257: result: yes
configure:4257: checking for unistd.h
configure:4257: gcc -c -g -O2  conftest.c >&5
configure:4257: $? = 0
configure:4257: result: yes
configure:4272: checking fcntl.h usability
configure:4272: gcc -c -g -O2  conftest.c >&5
configure:4272: $? = 0
configure:4272: result: yes
configure:4272: checking fcntl.h presence
configure:4272: gcc -E  conftest.c
configure:4272: $? = 0
configure:4272: result: yes
configure:4272: checking for fcntl.h
configure:4272: result: yes
configure:4272: checking limits.h usability
configure:4272: gcc -c -g -O2  conftest.c >&5
configure:4272: $? = 0
configure:4272: result: yes
configure:4272: checking limits.h presence
configure:4272: gcc -E  conftest.c
configure:4272: $? = 0
configure:4272: result: yes
configure:4272: checking for limits.h
configure:4272: result: yes
configure:4272: checking for strings.h
configure:4272: result: yes
configure:4272: checking syslog.h usability
configure:4272: gcc -c -g -O2  conftest.c >&5
configure:4272: $? = 0
configure:4272: result: yes
configure:4272: checking syslog.h presence
configure:4272: gcc -E  conftest.c
configure:4272: $? = 0
configure:4272: result: yes
configure:4272: checking for syslog.h
configure:4272: result: yes
configure:4272: checking for unistd.h
configure:4272: result: yes
configure:4272: checking sys/cdefs.h usability
configure:4272: gcc -c -g -O2  conftest.c >&5
configure:4272: $? = 0
configure:4272: result: yes
configure:4272: checking sys/cdefs.h presence
configure:4272: gcc -E  conftest.c
configure:4272: $? = 0
configure:4272: result: yes
configure:4272: checking for sys/cdefs.h
configure:4272: result: yes
configure:4272: checking sys/param.h usability
configure:4272: gcc -c -g -O2  conftest.c >&5
configure:4272: $? = 0
configure:4272: result: yes
configure:4272: checking sys/param.h presence
configure:4272: gcc -E  conftest.c
configure:4272: $? = 0
configure:4272: result: yes
configure:4272: checking for sys/param.h
configure:4272: result: yes
configure:4272: checking stdarg.h usability
configure:4272: gcc -c -g -O2  conftest.c >&5
configure:4272: $? = 0
configure:4272: result: yes
configure:4272: checking stdarg.h presence
configure:4272: gcc -E  conftest.c
configure:4272: $? = 0
configure:4272: result: yes
configure:4272: checking for stdarg.h
configure:4272: result: yes
configure:4272: checking locale.h usability
configure:4272: gcc -c -g -O2  conftest.c >&5
configure:4272: $? = 0
configure:4272: result: yes
configure:4272: checking locale.h presence
configure:4272: gcc -E  conftest.c
configure:4272: $? = 0
configure:4272: result: yes
configure:4272: checking for locale.h
configure:4272: result: yes
configure:4282: checking for inttypes.h
configure:4282: result: yes
configure:4292: checking for an ANSI C-conforming const
configure:4358: gcc -c -g -O2  conftest.c >&5
configure:4358: $? = 0
configure:4365: result: yes
configure:4373: checking for size_t
configure:4373: gcc -c -g -O2  conftest.c >&5
configure:4373: $? = 0
configure:4373: gcc -c -g -O2  conftest.c >&5
conftest.c: In function 'main':
conftest.c:67:21: error: expected expression before ')' token
 if (sizeof ((size_t)))
                     ^
configure:4373: $? = 1
configure: failed program was:
| /* confdefs.h */
| #define PACKAGE_NAME "json-c"
| #define PACKAGE_TARNAME "json-c"
| #define PACKAGE_VERSION "0.11"
| #define PACKAGE_STRING "json-c 0.11"
| #define PACKAGE_BUGREPORT "json-c@googlegroups.com"
| #define PACKAGE_URL ""
| #define PACKAGE "json-c"
| #define VERSION "0.11"
| #define STDC_HEADERS 1
| #define HAVE_SYS_TYPES_H 1
| #define HAVE_SYS_STAT_H 1
| #define HAVE_STDLIB_H 1
| #define HAVE_STRING_H 1
| #define HAVE_MEMORY_H 1
| #define HAVE_STRINGS_H 1
| #define HAVE_INTTYPES_H 1
| #define HAVE_STDINT_H 1
| #define HAVE_UNISTD_H 1
| #define HAVE_FCNTL_H 1
| #define HAVE_LIMITS_H 1
| #define HAVE_STRINGS_H 1
| #define HAVE_SYSLOG_H 1
| #define HAVE_UNISTD_H 1
| #define HAVE_SYS_CDEFS_H 1
| #define HAVE_SYS_PARAM_H 1
| #define HAVE_STDARG_H 1
| #define HAVE_LOCALE_H 1
| #define JSON_C_HAVE_INTTYPES_H 1
| /* end confdefs.h.  */
| #include <stdio.h>
| #ifdef HAVE_SYS_TYPES_H
| # include <sys/types.h>
| #endif
| #ifdef HAVE_SYS_STAT_H
| # include <sys/stat.h>
| #endif
| #ifdef STDC_HEADERS
| # include <stdlib.h>
| # include <stddef.h>
| #else
| # ifdef HAVE_STDLIB_H
| #  include <stdlib.h>
| # endif
| #endif
| #ifdef HAVE_STRING_H
| # if !defined STDC_HEADERS && defined HAVE_MEMORY_H
| #  include <memory.h>
| # endif
| # include <string.h>
| #endif
| #ifdef HAVE_STRINGS_H
| # include <strings.h>
| #endif
| #ifdef HAVE_INTTYPES_H
| # include <inttypes.h>
| #endif
| #ifdef HAVE_STDINT_H
| # include <stdint.h>
| #endif
| #ifdef HAVE_UNISTD_H
| # include <unistd.h>
| #endif
| int
| main ()
| {
| if (sizeof ((size_t)))
| 	    return 0;
|   ;
|   return 0;
| }
configure:4373: result: yes
configure:4388: checking for vprintf
configure:4388: gcc -o conftest -g -O2   conftest.c  >&5
conftest.c:54:6: warning: conflicting types for built-in function 'vprintf' [enabled by default]
 char vprintf ();
      ^
configure:4388: $? = 0
configure:4388: result: yes
configure:4394: checking for _doprnt
configure:4394: gcc -o conftest -g -O2   conftest.c  >&5
/tmp/cciG2PVX.o: In function `main':
/usr/src/json-c/json-c/conftest.c:66: undefined reference to `_doprnt'
collect2: error: ld returned 1 exit status
configure:4394: $? = 1
configure: failed program was:
| /* confdefs.h */
| #define PACKAGE_NAME "json-c"
| #define PACKAGE_TARNAME "json-c"
| #define PACKAGE_VERSION "0.11"
| #define PACKAGE_STRING "json-c 0.11"
| #define PACKAGE_BUGREPORT "json-c@googlegroups.com"
| #define PACKAGE_URL ""
| #define PACKAGE "json-c"
| #define VERSION "0.11"
| #define STDC_HEADERS 1
| #define HAVE_SYS_TYPES_H 1
| #define HAVE_SYS_STAT_H 1
| #define HAVE_STDLIB_H 1
| #define HAVE_STRING_H 1
| #define HAVE_MEMORY_H 1
| #define HAVE_STRINGS_H 1
| #define HAVE_INTTYPES_H 1
| #define HAVE_STDINT_H 1
| #define HAVE_UNISTD_H 1
| #define HAVE_FCNTL_H 1
| #define HAVE_LIMITS_H 1
| #define HAVE_STRINGS_H 1
| #define HAVE_SYSLOG_H 1
| #define HAVE_UNISTD_H 1
| #define HAVE_SYS_CDEFS_H 1
| #define HAVE_SYS_PARAM_H 1
| #define HAVE_STDARG_H 1
| #define HAVE_LOCALE_H 1
| #define JSON_C_HAVE_INTTYPES_H 1
| #define HAVE_VPRINTF 1
| /* end confdefs.h.  */
| /* Define _doprnt to an innocuous variant, in case <limits.h> declares _doprnt.
|    For example, HP-UX 11i <limits.h> declares gettimeofday.  */
| #define _doprnt innocuous__doprnt
| 
| /* System header to define __stub macros and hopefully few prototypes,
|     which can conflict with char _doprnt (); below.
|     Prefer <limits.h> to <assert.h> if __STDC__ is defined, since
|     <limits.h> exists even on freestanding compilers.  */
| 
| #ifdef __STDC__
| # include <limits.h>
| #else
| # include <assert.h>
| #endif
| 
| #undef _doprnt
| 
| /* Override any GCC internal prototype to avoid an error.
|    Use char because int might match the return type of a GCC
|    builtin and then its argument prototype would still apply.  */
| #ifdef __cplusplus
| extern "C"
| #endif
| char _doprnt ();
| /* The GNU C library defines this for functions which it implements
|     to always fail with ENOSYS.  Some functions are actually named
|     something starting with __ and the normal name is an alias.  */
| #if defined __stub__doprnt || defined __stub____doprnt
| choke me
| #endif
| 
| int
| main ()
| {
| return _doprnt ();
|   ;
|   return 0;
| }
configure:4394: result: no
configure:4405: checking for working memcmp
configure:4448: gcc -o conftest -g -O2   conftest.c  >&5
configure:4448: $? = 0
configure:4448: ./conftest
configure:4448: $? = 0
configure:4458: result: yes
configure:4469: checking for stdlib.h
configure:4469: result: yes
configure:4479: checking for GNU libc compatible malloc
configure:4503: gcc -o conftest -g -O2   conftest.c  >&5
configure:4503: $? = 0
configure:4503: ./conftest
configure:4503: $? = 0
configure:4513: result: yes
configure:4536: checking for stdlib.h
configure:4536: result: yes
configure:4546: checking for GNU libc compatible realloc
configure:4570: gcc -o conftest -g -O2   conftest.c  >&5
configure:4570: $? = 0
configure:4570: ./conftest
configure:4570: $? = 0
configure:4580: result: yes
configure:4604: checking for strcasecmp
configure:4604: gcc -o conftest -g -O2   conftest.c  >&5
conftest.c:59:6: warning: conflicting types for built-in function 'strcasecmp' [enabled by default]
 char strcasecmp ();
      ^
configure:4604: $? = 0
configure:4604: result: yes
configure:4604: checking for strdup
configure:4604: gcc -o conftest -g -O2   conftest.c  >&5
conftest.c:60:6: warning: conflicting types for built-in function 'strdup' [enabled by default]
 char strdup ();
      ^
configure:4604: $? = 0
configure:4604: result: yes
configure:4604: checking for strndup
configure:4604: gcc -o conftest -g -O2   conftest.c  >&5
conftest.c:61:6: warning: conflicting types for built-in function 'strndup' [enabled by default]
 char strndup ();
      ^
configure:4604: $? = 0
configure:4604: result: yes
configure:4604: checking for strerror
configure:4604: gcc -o conftest -g -O2   conftest.c  >&5
configure:4604: $? = 0
configure:4604: result: yes
configure:4604: checking for snprintf
configure:4604: gcc -o conftest -g -O2   conftest.c  >&5
conftest.c:63:6: warning: conflicting types for built-in function 'snprintf' [enabled by default]
 char snprintf ();
      ^
configure:4604: $? = 0
configure:4604: result: yes
configure:4604: checking for vsnprintf
configure:4604: gcc -o conftest -g -O2   conftest.c  >&5
conftest.c:64:6: warning: conflicting types for built-in function 'vsnprintf' [enabled by default]
 char vsnprintf ();
      ^
configure:4604: $? = 0
configure:4604: result: yes
configure:4604: checking for vasprintf
configure:4604: gcc -o conftest -g -O2   conftest.c  >&5
configure:4604: $? = 0
configure:4604: result: yes
configure:4604: checking for open
configure:4604: gcc -o conftest -g -O2   conftest.c  >&5
configure:4604: $? = 0
configure:4604: result: yes
configure:4604: checking for vsyslog
configure:4604: gcc -o conftest -g -O2   conftest.c  >&5
configure:4604: $? = 0
configure:4604: result: yes
configure:4604: checking for strncasecmp
configure:4604: gcc -o conftest -g -O2   conftest.c  >&5
conftest.c:68:6: warning: conflicting types for built-in function 'strncasecmp' [enabled by default]
 char strncasecmp ();
      ^
configure:4604: $? = 0
configure:4604: result: yes
configure:4604: checking for setlocale
configure:4604: gcc -o conftest -g -O2   conftest.c  >&5
configure:4604: $? = 0
configure:4604: result: yes
configure:4622: checking if .gnu.warning accepts long strings
configure:4633: gcc -o conftest -g -O2   conftest.c  >&5
/tmp/cc9ndK8t.s: Assembler messages:
/tmp/cc9ndK8t.s:5: Error: character following name is not '#'
configure:4633: $? = 1
configure: failed program was:
| /* confdefs.h */
| #define PACKAGE_NAME "json-c"
| #define PACKAGE_TARNAME "json-c"
| #define PACKAGE_VERSION "0.11"
| #define PACKAGE_STRING "json-c 0.11"
| #define PACKAGE_BUGREPORT "json-c@googlegroups.com"
| #define PACKAGE_URL ""
| #define PACKAGE "json-c"
| #define VERSION "0.11"
| #define STDC_HEADERS 1
| #define HAVE_SYS_TYPES_H 1
| #define HAVE_SYS_STAT_H 1
| #define HAVE_STDLIB_H 1
| #define HAVE_STRING_H 1
| #define HAVE_MEMORY_H 1
| #define HAVE_STRINGS_H 1
| #define HAVE_INTTYPES_H 1
| #define HAVE_STDINT_H 1
| #define HAVE_UNISTD_H 1
| #define HAVE_FCNTL_H 1
| #define HAVE_LIMITS_H 1
| #define HAVE_STRINGS_H 1
| #define HAVE_SYSLOG_H 1
| #define HAVE_UNISTD_H 1
| #define HAVE_SYS_CDEFS_H 1
| #define HAVE_SYS_PARAM_H 1
| #define HAVE_STDARG_H 1
| #define HAVE_LOCALE_H 1
| #define JSON_C_HAVE_INTTYPES_H 1
| #define HAVE_VPRINTF 1
| #define HAVE_STDLIB_H 1
| #define HAVE_MALLOC 1
| #define HAVE_STDLIB_H 1
| #define HAVE_REALLOC 1
| #define HAVE_STRCASECMP 1
| #define HAVE_STRDUP 1
| #define HAVE_STRNDUP 1
| #define HAVE_STRERROR 1
| #define HAVE_SNPRINTF 1
| #define HAVE_VSNPRINTF 1
| #define HAVE_VASPRINTF 1
| #define HAVE_OPEN 1
| #define HAVE_VSYSLOG 1
| #define HAVE_STRNCASECMP 1
| #define HAVE_SETLOCALE 1
| /* end confdefs.h.  */
| 
| extern void json_object_get();
| __asm__(".section .gnu.json_object_get,\n\t.ascii \"Please link against libjson-c instead of libjson\"\n\t.text");
| 
| int main(int c,char* v) {return 0;}
| 
configure:4643: result: no
configure:4686: checking build system type
configure:4700: result: i686-pc-linux-gnu
configure:4720: checking host system type
configure:4733: result: i686-pc-linux-gnu
configure:4774: checking how to print strings
configure:4801: result: printf
configure:4822: checking for a sed that does not truncate output
configure:4886: result: /usr/bin/sed
configure:4904: checking for fgrep
configure:4966: result: /usr/bin/grep -F
configure:5001: checking for ld used by gcc
configure:5068: result: /usr/i686-linux-gnu/bin/ld
configure:5075: checking if the linker (/usr/i686-linux-gnu/bin/ld) is GNU ld
configure:5090: result: yes
configure:5102: checking for BSD- or MS-compatible name lister (nm)
configure:5151: result: /usr/bin/nm -B
configure:5281: checking the name lister (/usr/bin/nm -B) interface
configure:5288: gcc -c -g -O2  conftest.c >&5
configure:5291: /usr/bin/nm -B "conftest.o"
configure:5294: output
00000000 B some_variable
configure:5301: result: BSD nm
configure:5304: checking whether ln -s works
configure:5308: result: yes
configure:5316: checking the maximum length of command line arguments
configure:5446: result: 1572864
configure:5463: checking whether the shell understands some XSI constructs
configure:5473: result: yes
configure:5477: checking whether the shell understands "+="
configure:5483: result: yes
configure:5518: checking how to convert i686-pc-linux-gnu file names to i686-pc-linux-gnu format
configure:5558: result: func_convert_file_noop
configure:5565: checking how to convert i686-pc-linux-gnu file names to toolchain format
configure:5585: result: func_convert_file_noop
configure:5592: checking for /usr/i686-linux-gnu/bin/ld option to reload object files
configure:5599: result: -r
configure:5673: checking for objdump
configure:5689: found /usr/bin/objdump
configure:5700: result: objdump
configure:5732: checking how to recognize dependent libraries
configure:5934: result: pass_all
configure:6019: checking for dlltool
configure:6049: result: no
configure:6079: checking how to associate runtime and link libraries
configure:6106: result: printf %s\n
configure:6166: checking for ar
configure:6182: found /usr/bin/ar
configure:6193: result: ar
configure:6230: checking for archiver @FILE support
configure:6247: gcc -c -g -O2  conftest.c >&5
configure:6247: $? = 0
configure:6250: ar cru libconftest.a @conftest.lst >&5
configure:6253: $? = 0
configure:6258: ar cru libconftest.a @conftest.lst >&5
ar: conftest.o: No such file or directory
configure:6261: $? = 1
configure:6273: result: @
configure:6331: checking for strip
configure:6347: found /usr/bin/strip
configure:6358: result: strip
configure:6430: checking for ranlib
configure:6446: found /usr/bin/ranlib
configure:6457: result: ranlib
configure:6559: checking command to parse /usr/bin/nm -B output from gcc object
configure:6679: gcc -c -g -O2  conftest.c >&5
configure:6682: $? = 0
configure:6686: /usr/bin/nm -B conftest.o \| sed -n -e 's/^.*[ ]\([ABCDGIRSTW][ABCDGIRSTW]*\)[ ][ ]*\([_A-Za-z][_A-Za-z0-9]*\)$/\1 \2 \2/p' | sed '/ __gnu_lto/d' \> conftest.nm
configure:6689: $? = 0
configure:6755: gcc -o conftest -g -O2   conftest.c conftstm.o >&5
configure:6758: $? = 0
configure:6796: result: ok
configure:6833: checking for sysroot
configure:6863: result: no
configure:7119: checking for mt
configure:7135: found /usr/bin/mt
configure:7146: result: mt
configure:7169: checking if mt is a manifest tool
configure:7175: mt '-?'
usage: mt [-v] [--version] [-h] [ -f device ] command [ count ]
configure:7183: result: no
configure:7822: checking for dlfcn.h
configure:7822: gcc -c -g -O2  conftest.c >&5
configure:7822: $? = 0
configure:7822: result: yes
configure:8028: checking for objdir
configure:8043: result: .libs
configure:8310: checking if gcc supports -fno-rtti -fno-exceptions
configure:8328: gcc -c -g -O2  -fno-rtti -fno-exceptions conftest.c >&5
cc1: warning: command line option '-fno-rtti' is valid for C++/ObjC++ but not for C [enabled by default]
configure:8332: $? = 0
configure:8345: result: no
configure:8672: checking for gcc option to produce PIC
configure:8679: result: -fPIC -DPIC
configure:8687: checking if gcc PIC flag -fPIC -DPIC works
configure:8705: gcc -c -g -O2  -fPIC -DPIC -DPIC conftest.c >&5
configure:8709: $? = 0
configure:8722: result: yes
configure:8751: checking if gcc static flag -static works
configure:8779: result: yes
configure:8794: checking if gcc supports -c -o file.o
configure:8815: gcc -c -g -O2  -o out/conftest2.o conftest.c >&5
configure:8819: $? = 0
configure:8841: result: yes
configure:8849: checking if gcc supports -c -o file.o
configure:8896: result: yes
configure:8929: checking whether the gcc linker (/usr/i686-linux-gnu/bin/ld) supports shared libraries
configure:10082: result: yes
configure:10119: checking whether -lc should be explicitly linked in
configure:10127: gcc -c -g -O2  conftest.c >&5
configure:10130: $? = 0
configure:10145: gcc -shared  -fPIC -DPIC conftest.o  -v -Wl,-soname -Wl,conftest -o conftest 2\>\&1 \| /usr/bin/grep  -lc  \>/dev/null 2\>\&1
configure:10148: $? = 0
configure:10162: result: no
configure:10322: checking dynamic linker characteristics
configure:10833: gcc -o conftest -g -O2   -Wl,-rpath -Wl,/foo conftest.c  >&5
configure:10833: $? = 0
configure:11055: result: GNU/Linux ld.so
configure:11162: checking how to hardcode library paths into programs
configure:11187: result: immediate
configure:11727: checking whether stripping libraries is possible
configure:11732: result: yes
configure:11767: checking if libtool supports shared libraries
configure:11769: result: yes
configure:11772: checking whether to build shared libraries
configure:11793: result: yes
configure:11796: checking whether to build static libraries
configure:11800: result: yes
configure:11950: checking that generated files are newer than configure
configure:11956: result: done
configure:11983: creating ./config.status

## ---------------------- ##
## Running config.status. ##
## ---------------------- ##

This file was extended by json-c config.status 0.11, which was
generated by GNU Autoconf 2.69.  Invocation command line was

  CONFIG_FILES    = 
  CONFIG_HEADERS  = 
  CONFIG_LINKS    = 
  CONFIG_COMMANDS = 
  $ ./config.status 

on ns2

config.status:1113: creating Makefile
config.status:1113: creating json.pc
config.status:1113: creating json-c.pc
config.status:1113: creating tests/Makefile
config.status:1113: creating json-c-uninstalled.pc
config.status:1113: creating config.h
config.status:1113: creating json_config.h
config.status:1342: executing depfiles commands
config.status:1342: executing libtool commands

## ---------------- ##
## Cache variables. ##
## ---------------- ##

ac_cv_build=i686-pc-linux-gnu
ac_cv_c_compiler_gnu=yes
ac_cv_c_const=yes
ac_cv_env_CC_set=
ac_cv_env_CC_value=
ac_cv_env_CFLAGS_set=
ac_cv_env_CFLAGS_value=
ac_cv_env_CPPFLAGS_set=
ac_cv_env_CPPFLAGS_value=
ac_cv_env_CPP_set=
ac_cv_env_CPP_value=
ac_cv_env_LDFLAGS_set=
ac_cv_env_LDFLAGS_value=
ac_cv_env_LIBS_set=
ac_cv_env_LIBS_value=
ac_cv_env_build_alias_set=
ac_cv_env_build_alias_value=
ac_cv_env_host_alias_set=
ac_cv_env_host_alias_value=
ac_cv_env_target_alias_set=
ac_cv_env_target_alias_value=
ac_cv_func__doprnt=no
ac_cv_func_malloc_0_nonnull=yes
ac_cv_func_memcmp_working=yes
ac_cv_func_open=yes
ac_cv_func_realloc_0_nonnull=yes
ac_cv_func_setlocale=yes
ac_cv_func_snprintf=yes
ac_cv_func_strcasecmp=yes
ac_cv_func_strdup=yes
ac_cv_func_strerror=yes
ac_cv_func_strncasecmp=yes
ac_cv_func_strndup=yes
ac_cv_func_vasprintf=yes
ac_cv_func_vprintf=yes
ac_cv_func_vsnprintf=yes
ac_cv_func_vsyslog=yes
ac_cv_header_dlfcn_h=yes
ac_cv_header_fcntl_h=yes
ac_cv_header_inttypes_h=yes
ac_cv_header_limits_h=yes
ac_cv_header_locale_h=yes
ac_cv_header_memory_h=yes
ac_cv_header_stdarg_h=yes
ac_cv_header_stdc=yes
ac_cv_header_stdint_h=yes
ac_cv_header_stdlib_h=yes
ac_cv_header_string_h=yes
ac_cv_header_strings_h=yes
ac_cv_header_sys_cdefs_h=yes
ac_cv_header_sys_param_h=yes
ac_cv_header_sys_stat_h=yes
ac_cv_header_sys_types_h=yes
ac_cv_header_syslog_h=yes
ac_cv_header_unistd_h=yes
ac_cv_host=i686-pc-linux-gnu
ac_cv_objext=o
ac_cv_path_EGREP='/usr/bin/grep -E'
ac_cv_path_FGREP='/usr/bin/grep -F'
ac_cv_path_GREP=/usr/bin/grep
ac_cv_path_SED=/usr/bin/sed
ac_cv_path_install='/usr/bin/ginstall -c'
ac_cv_path_mkdir=/usr/bin/mkdir
ac_cv_prog_AWK=gawk
ac_cv_prog_CPP='gcc -E'
ac_cv_prog_ac_ct_AR=ar
ac_cv_prog_ac_ct_CC=gcc
ac_cv_prog_ac_ct_MANIFEST_TOOL=mt
ac_cv_prog_ac_ct_OBJDUMP=objdump
ac_cv_prog_ac_ct_RANLIB=ranlib
ac_cv_prog_ac_ct_STRIP=strip
ac_cv_prog_cc_c89=
ac_cv_prog_cc_g=yes
ac_cv_prog_make_make_set=yes
ac_cv_type_size_t=yes
am_cv_CC_dependencies_compiler_type=gcc3
am_cv_make_support_nested_variables=yes
lt_cv_ar_at_file=@
lt_cv_archive_cmds_need_lc=no
lt_cv_deplibs_check_method=pass_all
lt_cv_file_magic_cmd='$MAGIC_CMD'
lt_cv_file_magic_test_file=
lt_cv_ld_reload_flag=-r
lt_cv_nm_interface='BSD nm'
lt_cv_objdir=.libs
lt_cv_path_LD=/usr/i686-linux-gnu/bin/ld
lt_cv_path_NM='/usr/bin/nm -B'
lt_cv_path_mainfest_tool=no
lt_cv_prog_compiler_c_o=yes
lt_cv_prog_compiler_pic='-fPIC -DPIC'
lt_cv_prog_compiler_pic_works=yes
lt_cv_prog_compiler_rtti_exceptions=no
lt_cv_prog_compiler_static_works=yes
lt_cv_prog_gnu_ld=yes
lt_cv_sharedlib_from_linklib_cmd='printf %s\n'
lt_cv_shlibpath_overrides_runpath=no
lt_cv_sys_global_symbol_pipe='sed -n -e '\''s/^.*[	 ]\([ABCDGIRSTW][ABCDGIRSTW]*\)[	 ][	 ]*\([_A-Za-z][_A-Za-z0-9]*\)$/\1 \2 \2/p'\'' | sed '\''/ __gnu_lto/d'\'''
lt_cv_sys_global_symbol_to_c_name_address='sed -n -e '\''s/^: \([^ ]*\)[ ]*$/  {\"\1\", (void *) 0},/p'\'' -e '\''s/^[ABCDGIRSTW]* \([^ ]*\) \([^ ]*\)$/  {"\2", (void *) \&\2},/p'\'''
lt_cv_sys_global_symbol_to_c_name_address_lib_prefix='sed -n -e '\''s/^: \([^ ]*\)[ ]*$/  {\"\1\", (void *) 0},/p'\'' -e '\''s/^[ABCDGIRSTW]* \([^ ]*\) \(lib[^ ]*\)$/  {"\2", (void *) \&\2},/p'\'' -e '\''s/^[ABCDGIRSTW]* \([^ ]*\) \([^ ]*\)$/  {"lib\2", (void *) \&\2},/p'\'''
lt_cv_sys_global_symbol_to_cdecl='sed -n -e '\''s/^T .* \(.*\)$/extern int \1();/p'\'' -e '\''s/^[ABCDGIRSTW]* .* \(.*\)$/extern char \1;/p'\'''
lt_cv_sys_max_cmd_len=1572864
lt_cv_to_host_file_cmd=func_convert_file_noop
lt_cv_to_tool_file_cmd=func_convert_file_noop

## ----------------- ##
## Output variables. ##
## ----------------- ##

ACLOCAL='${SHELL} /usr/src/json-c/json-c/missing aclocal-1.13'
AMDEPBACKSLASH='\'
AMDEP_FALSE='#'
AMDEP_TRUE=''
AMTAR='$${TAR-tar}'
AM_BACKSLASH='\'
AM_DEFAULT_V='$(AM_DEFAULT_VERBOSITY)'
AM_DEFAULT_VERBOSITY='1'
AM_V='$(V)'
AR='ar'
AUTOCONF='${SHELL} /usr/src/json-c/json-c/missing autoconf'
AUTOHEADER='${SHELL} /usr/src/json-c/json-c/missing autoheader'
AUTOMAKE='${SHELL} /usr/src/json-c/json-c/missing automake-1.13'
AWK='gawk'
CC='gcc'
CCDEPMODE='depmode=gcc3'
CFLAGS='-g -O2'
CPP='gcc -E'
CPPFLAGS=''
CYGPATH_W='echo'
DEFS='-DHAVE_CONFIG_H'
DEPDIR='.deps'
DLLTOOL='false'
DSYMUTIL=''
DUMPBIN=''
ECHO_C=''
ECHO_N='-n'
ECHO_T=''
EGREP='/usr/bin/grep -E'
ENABLE_OLDNAME_COMPAT_FALSE='#'
ENABLE_OLDNAME_COMPAT_TRUE=''
EXEEXT=''
FGREP='/usr/bin/grep -F'
GREP='/usr/bin/grep'
INSTALL_DATA='${INSTALL} -m 644'
INSTALL_PROGRAM='${INSTALL}'
INSTALL_SCRIPT='${INSTALL}'
INSTALL_STRIP_PROGRAM='$(install_sh) -c -s'
LD='/usr/i686-linux-gnu/bin/ld'
LDFLAGS=''
LIBOBJS=''
LIBS=''
LIBTOOL='$(SHELL) $(top_builddir)/libtool'
LIPO=''
LN_S='ln -s'
LTLIBOBJS=''
MAKEINFO='${SHELL} /usr/src/json-c/json-c/missing makeinfo'
MANIFEST_TOOL=':'
MKDIR_P='/usr/bin/mkdir -p'
NM='/usr/bin/nm -B'
NMEDIT=''
OBJDUMP='objdump'
OBJEXT='o'
OTOOL64=''
OTOOL=''
PACKAGE='json-c'
PACKAGE_BUGREPORT='json-c@googlegroups.com'
PACKAGE_NAME='json-c'
PACKAGE_STRING='json-c 0.11'
PACKAGE_TARNAME='json-c'
PACKAGE_URL=''
PACKAGE_VERSION='0.11'
PATH_SEPARATOR=':'
RANLIB='ranlib'
SED='/usr/bin/sed'
SET_MAKE=''
SHELL='/bin/sh'
STRIP='strip'
VERSION='0.11'
ac_ct_AR='ar'
ac_ct_CC='gcc'
ac_ct_DUMPBIN=''
am__EXEEXT_FALSE=''
am__EXEEXT_TRUE='#'
am__fastdepCC_FALSE='#'
am__fastdepCC_TRUE=''
am__include='include'
am__isrc=''
am__leading_dot='.'
am__nodep='_no'
am__quote=''
am__tar='$${TAR-tar} chof - "$$tardir"'
am__untar='$${TAR-tar} xf -'
bindir='${exec_prefix}/bin'
build='i686-pc-linux-gnu'
build_alias=''
build_cpu='i686'
build_os='linux-gnu'
build_vendor='pc'
datadir='${datarootdir}'
datarootdir='${prefix}/share'
docdir='${datarootdir}/doc/${PACKAGE_TARNAME}'
dvidir='${docdir}'
exec_prefix='${prefix}'
host='i686-pc-linux-gnu'
host_alias=''
host_cpu='i686'
host_os='linux-gnu'
host_vendor='pc'
htmldir='${docdir}'
includedir='${prefix}/include'
infodir='${datarootdir}/info'
install_sh='${SHELL} /usr/src/json-c/json-c/install-sh'
libdir='${exec_prefix}/lib'
libexecdir='${exec_prefix}/libexec'
localedir='${datarootdir}/locale'
localstatedir='${prefix}/var'
mandir='${datarootdir}/man'
mkdir_p='$(MKDIR_P)'
oldincludedir='/usr/include'
pdfdir='${docdir}'
prefix='/usr/local'
program_transform_name='s,x,x,'
psdir='${docdir}'
sbindir='${exec_prefix}/sbin'
sharedstatedir='${prefix}/com'
sysconfdir='${prefix}/etc'
target_alias=''

## ----------- ##
## confdefs.h. ##
## ----------- ##

/* confdefs.h */
#define PACKAGE_NAME "json-c"
#define PACKAGE_TARNAME "json-c"
#define PACKAGE_VERSION "0.11"
#define PACKAGE_STRING "json-c 0.11"
#define PACKAGE_BUGREPORT "json-c@googlegroups.com"
#define PACKAGE_URL ""
#define PACKAGE "json-c"
#define VERSION "0.11"
#define STDC_HEADERS 1
#define HAVE_SYS_TYPES_H 1
#define HAVE_SYS_STAT_H 1
#define HAVE_STDLIB_H 1
#define HAVE_STRING_H 1
#define HAVE_MEMORY_H 1
#define HAVE_STRINGS_H 1
#define HAVE_INTTYPES_H 1
#define HAVE_STDINT_H 1
#define HAVE_UNISTD_H 1
#define HAVE_FCNTL_H 1
#define HAVE_LIMITS_H 1
#define HAVE_STRINGS_H 1
#define HAVE_SYSLOG_H 1
#define HAVE_UNISTD_H 1
#define HAVE_SYS_CDEFS_H 1
#define HAVE_SYS_PARAM_H 1
#define HAVE_STDARG_H 1
#define HAVE_LOCALE_H 1
#define JSON_C_HAVE_INTTYPES_H 1
#define HAVE_VPRINTF 1
#define HAVE_STDLIB_H 1
#define HAVE_MALLOC 1
#define HAVE_STDLIB_H 1
#define HAVE_REALLOC 1
#define HAVE_STRCASECMP 1
#define HAVE_STRDUP 1
#define HAVE_STRNDUP 1
#define HAVE_STRERROR 1
#define HAVE_SNPRINTF 1
#define HAVE_VSNPRINTF 1
#define HAVE_VASPRINTF 1
#define HAVE_OPEN 1
#define HAVE_VSYSLOG 1
#define HAVE_STRNCASECMP 1
#define HAVE_SETLOCALE 1
#define HAVE_DLFCN_H 1
#define LT_OBJDIR ".libs/"

configure: exit 0
